<?xml version="1.0" encoding="UTF-8"?>
<!-- Generated by org.testng.reporters.JUnitReportReporter -->
<testsuite hostname="LAPTOP-O50P61C6" name="com.suchi.demo_bank.Login_Page_Test" tests="1" failures="0" timestamp="3 Dec 2016 10:00:52 GMT" time="6.855" errors="0">
  <testcase name="BankLoginTest" time="6.855" classname="com.suchi.demo_bank.Login_Page_Test"/>
</testsuite> <!-- com.suchi.demo_bank.Login_Page_Test -->
